2019-04-26 20:15:06 Error: [Cake\Database\Exception] SQLSTATE[42S02]: Base table or view not found: 1146 Table 'ercomunicaciones.contactos' doesn't exist in C:\xampp\htdocs\cakephp-3.4.10\vendor\cakephp\cakephp\src\Database\Schema\Collection.php on line 131
Stack Trace:
#0 C:\xampp\htdocs\cakephp-3.4.10\vendor\cakephp\cakephp\src\Database\Schema\Collection.php(97): Cake\Database\Schema\Collection->_reflect('Column', 'contactos', Array, Object(Cake\Database\Schema\TableSchema))
#1 C:\xampp\htdocs\cakephp-3.4.10\vendor\cakephp\cakephp\src\Database\Schema\CachedCollection.php(63): Cake\Database\Schema\Collection->describe('contactos', Array)
#2 C:\xampp\htdocs\cakephp-3.4.10\vendor\cakephp\cakephp\src\ORM\Table.php(532): Cake\Database\Schema\CachedCollection->describe('contactos')
#3 C:\xampp\htdocs\cakephp-3.4.10\vendor\cakephp\cakephp\src\ORM\Table.php(653): Cake\ORM\Table->getSchema()
#4 C:\xampp\htdocs\cakephp-3.4.10\vendor\cakephp\bake\src\Shell\Task\ModelTask.php(217): Cake\ORM\Table->getPrimaryKey()
#5 C:\xampp\htdocs\cakephp-3.4.10\vendor\cakephp\bake\src\Shell\Task\ModelTask.php(127): Bake\Shell\Task\ModelTask->getAssociations(Object(Cake\ORM\Table))
#6 C:\xampp\htdocs\cakephp-3.4.10\vendor\cakephp\bake\src\Shell\Task\ModelTask.php(110): Bake\Shell\Task\ModelTask->getTableContext(Object(Cake\ORM\Table), 'contactos', 'Contactos')
#7 C:\xampp\htdocs\cakephp-3.4.10\vendor\cakephp\bake\src\Shell\Task\ModelTask.php(97): Bake\Shell\Task\ModelTask->bake('Contactos')
#8 C:\xampp\htdocs\cakephp-3.4.10\vendor\cakephp\cakephp\src\Console\Shell.php(506): Bake\Shell\Task\ModelTask->main('Contactos')
#9 C:\xampp\htdocs\cakephp-3.4.10\vendor\cakephp\cakephp\src\Console\Shell.php(499): Cake\Console\Shell->runCommand(Array, false, Array)
#10 C:\xampp\htdocs\cakephp-3.4.10\vendor\cakephp\cakephp\src\Console\CommandRunner.php(140): Cake\Console\Shell->runCommand(Array, true)
#11 C:\xampp\htdocs\cakephp-3.4.10\bin\cake.php(12): Cake\Console\CommandRunner->run(Array)
#12 {main}


2019-04-26 21:31:17 Error: [Cake\Database\Exception] SQLSTATE[42S02]: Base table or view not found: 1146 Table 'ercomunicaciones.add' doesn't exist in C:\xampp\htdocs\cakephp-3.4.10\vendor\cakephp\cakephp\src\Database\Schema\Collection.php on line 131
Stack Trace:
#0 C:\xampp\htdocs\cakephp-3.4.10\vendor\cakephp\cakephp\src\Database\Schema\Collection.php(97): Cake\Database\Schema\Collection->_reflect('Column', 'add', Array, Object(Cake\Database\Schema\TableSchema))
#1 C:\xampp\htdocs\cakephp-3.4.10\vendor\cakephp\cakephp\src\Database\Schema\CachedCollection.php(63): Cake\Database\Schema\Collection->describe('add', Array)
#2 C:\xampp\htdocs\cakephp-3.4.10\vendor\cakephp\cakephp\src\ORM\Table.php(532): Cake\Database\Schema\CachedCollection->describe('add')
#3 C:\xampp\htdocs\cakephp-3.4.10\vendor\cakephp\cakephp\src\ORM\Table.php(653): Cake\ORM\Table->getSchema()
#4 C:\xampp\htdocs\cakephp-3.4.10\vendor\cakephp\bake\src\Shell\Task\TemplateTask.php(292): Cake\ORM\Table->getPrimaryKey()
#5 C:\xampp\htdocs\cakephp-3.4.10\vendor\cakephp\bake\src\Shell\Task\TemplateTask.php(416): Bake\Shell\Task\TemplateTask->_loadController()
#6 C:\xampp\htdocs\cakephp-3.4.10\vendor\cakephp\bake\src\Shell\Task\TemplateTask.php(391): Bake\Shell\Task\TemplateTask->getContent('Productos')
#7 C:\xampp\htdocs\cakephp-3.4.10\vendor\cakephp\bake\src\Shell\Task\TemplateTask.php(145): Bake\Shell\Task\TemplateTask->bake('Productos', true)
#8 C:\xampp\htdocs\cakephp-3.4.10\vendor\cakephp\cakephp\src\Console\Shell.php(506): Bake\Shell\Task\TemplateTask->main('add', 'Productos')
#9 C:\xampp\htdocs\cakephp-3.4.10\vendor\cakephp\cakephp\src\Console\Shell.php(499): Cake\Console\Shell->runCommand(Array, false, Array)
#10 C:\xampp\htdocs\cakephp-3.4.10\vendor\cakephp\cakephp\src\Console\CommandRunner.php(140): Cake\Console\Shell->runCommand(Array, true)
#11 C:\xampp\htdocs\cakephp-3.4.10\bin\cake.php(12): Cake\Console\CommandRunner->run(Array)
#12 {main}


2019-04-28 15:27:53 Error: [RuntimeException] Unknown command `cake cake`. Run `cake --help` to get the list of valid commands. in C:\xampp\htdocs\cakephp-3.4.10\vendor\cakephp\cakephp\src\Console\CommandRunner.php on line 173
Stack Trace:
#0 C:\xampp\htdocs\cakephp-3.4.10\vendor\cakephp\cakephp\src\Console\CommandRunner.php(136): Cake\Console\CommandRunner->getShell(Object(Cake\Console\ConsoleIo), Object(Cake\Console\CommandCollection), 'cake')
#1 C:\xampp\htdocs\cakephp-3.4.10\bin\cake.php(12): Cake\Console\CommandRunner->run(Array)
#2 {main}


2019-04-29 20:05:54 Error: [InvalidArgumentException] There was a problem connecting to the database: SQLSTATE[HY000] [2002] No se puede establecer una conexión ya que el equipo de destino denegó expresamente dicha conexión.
 in C:\xampp\htdocs\cakephp-3.4.10\vendor\robmorgan\phinx\src\Phinx\Db\Adapter\MysqlAdapter.php on line 115
Stack Trace:
#0 C:\xampp\htdocs\cakephp-3.4.10\vendor\robmorgan\phinx\src\Phinx\Db\Adapter\PdoAdapter.php(238): Phinx\Db\Adapter\MysqlAdapter->connect()
#1 C:\xampp\htdocs\cakephp-3.4.10\vendor\cakephp\migrations\src\CakeAdapter.php(57): Phinx\Db\Adapter\PdoAdapter->getConnection()
#2 C:\xampp\htdocs\cakephp-3.4.10\vendor\cakephp\migrations\src\Command\CommandTrait.php(78): Migrations\CakeAdapter->__construct(Object(Phinx\Db\Adapter\MysqlAdapter), Object(Cake\Database\Connection))
#3 C:\xampp\htdocs\cakephp-3.4.10\vendor\robmorgan\phinx\src\Phinx\Console\Command\Create.php(153): Migrations\Command\Create->bootstrap(Object(Symfony\Component\Console\Input\ArgvInput), Object(Symfony\Component\Console\Output\ConsoleOutput))
#4 C:\xampp\htdocs\cakephp-3.4.10\vendor\cakephp\migrations\src\Command\CommandTrait.php(35): Phinx\Console\Command\Create->execute(Object(Symfony\Component\Console\Input\ArgvInput), Object(Symfony\Component\Console\Output\ConsoleOutput))
#5 C:\xampp\htdocs\cakephp-3.4.10\vendor\cakephp\migrations\src\Command\Create.php(72): Migrations\Command\Create->parentExecute(Object(Symfony\Component\Console\Input\ArgvInput), Object(Symfony\Component\Console\Output\ConsoleOutput))
#6 C:\xampp\htdocs\cakephp-3.4.10\vendor\symfony\console\Command\Command.php(264): Migrations\Command\Create->execute(Object(Symfony\Component\Console\Input\ArgvInput), Object(Symfony\Component\Console\Output\ConsoleOutput))
#7 C:\xampp\htdocs\cakephp-3.4.10\vendor\symfony\console\Application.php(874): Symfony\Component\Console\Command\Command->run(Object(Symfony\Component\Console\Input\ArgvInput), Object(Symfony\Component\Console\Output\ConsoleOutput))
#8 C:\xampp\htdocs\cakephp-3.4.10\vendor\symfony\console\Application.php(228): Symfony\Component\Console\Application->doRunCommand(Object(Migrations\Command\Create), Object(Symfony\Component\Console\Input\ArgvInput), Object(Symfony\Component\Console\Output\ConsoleOutput))
#9 C:\xampp\htdocs\cakephp-3.4.10\vendor\symfony\console\Application.php(130): Symfony\Component\Console\Application->doRun(Object(Symfony\Component\Console\Input\ArgvInput), Object(Symfony\Component\Console\Output\ConsoleOutput))
#10 C:\xampp\htdocs\cakephp-3.4.10\vendor\cakephp\migrations\src\Shell\MigrationsShell.php(101): Symfony\Component\Console\Application->run(Object(Symfony\Component\Console\Input\ArgvInput), Object(Symfony\Component\Console\Output\ConsoleOutput))
#11 C:\xampp\htdocs\cakephp-3.4.10\vendor\cakephp\cakephp\src\Console\Shell.php(506): Migrations\Shell\MigrationsShell->main('migrations', 'create', 'CreatePruebaTal...')
#12 C:\xampp\htdocs\cakephp-3.4.10\vendor\cakephp\migrations\src\Shell\MigrationsShell.php(156): Cake\Console\Shell->runCommand(Array, true, Array)
#13 C:\xampp\htdocs\cakephp-3.4.10\vendor\cakephp\cakephp\src\Console\CommandRunner.php(140): Migrations\Shell\MigrationsShell->runCommand(Array, true)
#14 C:\xampp\htdocs\cakephp-3.4.10\bin\cake.php(12): Cake\Console\CommandRunner->run(Array)
#15 {main}


2019-04-30 15:06:20 Error: [Error] Class 'Faker\Factory' not found in C:\xampp\htdocs\ercomunicaciones\config\Migrations\20160117132650_create_admin_seed_migration.php on line 10
Stack Trace:
#0 C:\xampp\htdocs\ercomunicaciones\vendor\robmorgan\phinx\src\Phinx\Migration\Manager\Environment.php(125): CreateAdminSeedMigration->up()
#1 C:\xampp\htdocs\ercomunicaciones\vendor\robmorgan\phinx\src\Phinx\Migration\Manager.php(366): Phinx\Migration\Manager\Environment->executeMigration(Object(CreateAdminSeedMigration), 'up')
#2 C:\xampp\htdocs\ercomunicaciones\vendor\robmorgan\phinx\src\Phinx\Migration\Manager.php(342): Phinx\Migration\Manager->executeMigration('default', Object(CreateAdminSeedMigration), 'up')
#3 C:\xampp\htdocs\ercomunicaciones\vendor\robmorgan\phinx\src\Phinx\Console\Command\Migrate.php(113): Phinx\Migration\Manager->migrate('default', 20190424194808)
#4 C:\xampp\htdocs\ercomunicaciones\vendor\cakephp\migrations\src\Command\CommandTrait.php(35): Phinx\Console\Command\Migrate->execute(Object(Symfony\Component\Console\Input\ArgvInput), Object(Symfony\Component\Console\Output\ConsoleOutput))
#5 C:\xampp\htdocs\ercomunicaciones\vendor\cakephp\migrations\src\Command\Migrate.php(65): Migrations\Command\Migrate->parentExecute(Object(Symfony\Component\Console\Input\ArgvInput), Object(Symfony\Component\Console\Output\ConsoleOutput))
#6 C:\xampp\htdocs\ercomunicaciones\vendor\symfony\console\Command\Command.php(264): Migrations\Command\Migrate->execute(Object(Symfony\Component\Console\Input\ArgvInput), Object(Symfony\Component\Console\Output\ConsoleOutput))
#7 C:\xampp\htdocs\ercomunicaciones\vendor\symfony\console\Application.php(874): Symfony\Component\Console\Command\Command->run(Object(Symfony\Component\Console\Input\ArgvInput), Object(Symfony\Component\Console\Output\ConsoleOutput))
#8 C:\xampp\htdocs\ercomunicaciones\vendor\symfony\console\Application.php(228): Symfony\Component\Console\Application->doRunCommand(Object(Migrations\Command\Migrate), Object(Symfony\Component\Console\Input\ArgvInput), Object(Symfony\Component\Console\Output\ConsoleOutput))
#9 C:\xampp\htdocs\ercomunicaciones\vendor\symfony\console\Application.php(130): Symfony\Component\Console\Application->doRun(Object(Symfony\Component\Console\Input\ArgvInput), Object(Symfony\Component\Console\Output\ConsoleOutput))
#10 C:\xampp\htdocs\ercomunicaciones\vendor\cakephp\migrations\src\Shell\MigrationsShell.php(101): Symfony\Component\Console\Application->run(Object(Symfony\Component\Console\Input\ArgvInput), Object(Symfony\Component\Console\Output\ConsoleOutput))
#11 C:\xampp\htdocs\ercomunicaciones\vendor\cakephp\cakephp\src\Console\Shell.php(506): Migrations\Shell\MigrationsShell->main('migrations', 'migrate')
#12 C:\xampp\htdocs\ercomunicaciones\vendor\cakephp\migrations\src\Shell\MigrationsShell.php(156): Cake\Console\Shell->runCommand(Array, true, Array)
#13 C:\xampp\htdocs\ercomunicaciones\vendor\cakephp\cakephp\src\Console\CommandRunner.php(140): Migrations\Shell\MigrationsShell->runCommand(Array, true)
#14 C:\xampp\htdocs\ercomunicaciones\bin\cake.php(12): Cake\Console\CommandRunner->run(Array)
#15 {main}


2019-04-30 15:09:43 Error: [Cake\Database\Exception] SQLSTATE[42S02]: Base table or view not found: 1146 Table 'ercomunicaciones.users' doesn't exist in C:\xampp\htdocs\ercomunicaciones\vendor\cakephp\cakephp\src\Database\Schema\Collection.php on line 131
Stack Trace:
#0 C:\xampp\htdocs\ercomunicaciones\vendor\cakephp\cakephp\src\Database\Schema\Collection.php(97): Cake\Database\Schema\Collection->_reflect('Column', 'users', Array, Object(Cake\Database\Schema\TableSchema))
#1 C:\xampp\htdocs\ercomunicaciones\vendor\cakephp\cakephp\src\ORM\Table.php(532): Cake\Database\Schema\Collection->describe('users')
#2 C:\xampp\htdocs\ercomunicaciones\vendor\cakephp\cakephp\src\ORM\Table.php(589): Cake\ORM\Table->getSchema()
#3 C:\xampp\htdocs\ercomunicaciones\vendor\davidyell\proffer\src\Model\Behavior\ProfferBehavior.php(38): Cake\ORM\Table->schema()
#4 C:\xampp\htdocs\ercomunicaciones\vendor\cakephp\cakephp\src\ORM\Behavior.php(166): Proffer\Model\Behavior\ProfferBehavior->initialize(Array)
#5 C:\xampp\htdocs\ercomunicaciones\vendor\cakephp\cakephp\src\ORM\BehaviorRegistry.php(134): Cake\ORM\Behavior->__construct(Object(App\Model\Table\UsersTable), Array)
#6 C:\xampp\htdocs\ercomunicaciones\vendor\cakephp\cakephp\src\Core\ObjectRegistry.php(96): Cake\ORM\BehaviorRegistry->_create('Proffer\\Model\\B...', 'Proffer', Array)
#7 C:\xampp\htdocs\ercomunicaciones\vendor\cakephp\cakephp\src\ORM\Table.php(826): Cake\Core\ObjectRegistry->load('Proffer.Proffer', Array)
#8 C:\xampp\htdocs\ercomunicaciones\src\Model\Table\UsersTable.php(40): Cake\ORM\Table->addBehavior('Proffer.Proffer', Array)
#9 C:\xampp\htdocs\ercomunicaciones\vendor\cakephp\cakephp\src\ORM\Table.php(291): App\Model\Table\UsersTable->initialize(Array)
#10 C:\xampp\htdocs\ercomunicaciones\vendor\cakephp\cakephp\src\ORM\Locator\TableLocator.php(249): Cake\ORM\Table->__construct(Array)
#11 C:\xampp\htdocs\ercomunicaciones\vendor\cakephp\cakephp\src\ORM\Locator\TableLocator.php(216): Cake\ORM\Locator\TableLocator->_create(Array)
#12 C:\xampp\htdocs\ercomunicaciones\vendor\cakephp\cakephp\src\ORM\TableRegistry.php(132): Cake\ORM\Locator\TableLocator->get('Users', Array)
#13 C:\xampp\htdocs\ercomunicaciones\vendor\fzaninotto\faker\src\Faker\ORM\CakePHP\EntityPopulator.php(164): Cake\ORM\TableRegistry::get('Users', Array)
#14 C:\xampp\htdocs\ercomunicaciones\vendor\fzaninotto\faker\src\Faker\ORM\CakePHP\EntityPopulator.php(52): Faker\ORM\CakePHP\EntityPopulator->getTable('Users')
#15 C:\xampp\htdocs\ercomunicaciones\vendor\fzaninotto\faker\src\Faker\ORM\CakePHP\Populator.php(77): Faker\ORM\CakePHP\EntityPopulator->guessColumnFormatters(Object(Faker\ORM\CakePHP\Populator))
#16 C:\xampp\htdocs\ercomunicaciones\config\Migrations\20160117132650_create_admin_seed_migration.php(26): Faker\ORM\CakePHP\Populator->addEntity(Object(Faker\ORM\CakePHP\EntityPopulator), 1, Array)
#17 C:\xampp\htdocs\ercomunicaciones\vendor\robmorgan\phinx\src\Phinx\Migration\Manager\Environment.php(125): CreateAdminSeedMigration->up()
#18 C:\xampp\htdocs\ercomunicaciones\vendor\robmorgan\phinx\src\Phinx\Migration\Manager.php(366): Phinx\Migration\Manager\Environment->executeMigration(Object(CreateAdminSeedMigration), 'up')
#19 C:\xampp\htdocs\ercomunicaciones\vendor\robmorgan\phinx\src\Phinx\Migration\Manager.php(342): Phinx\Migration\Manager->executeMigration('default', Object(CreateAdminSeedMigration), 'up')
#20 C:\xampp\htdocs\ercomunicaciones\vendor\robmorgan\phinx\src\Phinx\Console\Command\Migrate.php(113): Phinx\Migration\Manager->migrate('default', 20190424194808)
#21 C:\xampp\htdocs\ercomunicaciones\vendor\cakephp\migrations\src\Command\CommandTrait.php(35): Phinx\Console\Command\Migrate->execute(Object(Symfony\Component\Console\Input\ArgvInput), Object(Symfony\Component\Console\Output\ConsoleOutput))
#22 C:\xampp\htdocs\ercomunicaciones\vendor\cakephp\migrations\src\Command\Migrate.php(65): Migrations\Command\Migrate->parentExecute(Object(Symfony\Component\Console\Input\ArgvInput), Object(Symfony\Component\Console\Output\ConsoleOutput))
#23 C:\xampp\htdocs\ercomunicaciones\vendor\symfony\console\Command\Command.php(264): Migrations\Command\Migrate->execute(Object(Symfony\Component\Console\Input\ArgvInput), Object(Symfony\Component\Console\Output\ConsoleOutput))
#24 C:\xampp\htdocs\ercomunicaciones\vendor\symfony\console\Application.php(874): Symfony\Component\Console\Command\Command->run(Object(Symfony\Component\Console\Input\ArgvInput), Object(Symfony\Component\Console\Output\ConsoleOutput))
#25 C:\xampp\htdocs\ercomunicaciones\vendor\symfony\console\Application.php(228): Symfony\Component\Console\Application->doRunCommand(Object(Migrations\Command\Migrate), Object(Symfony\Component\Console\Input\ArgvInput), Object(Symfony\Component\Console\Output\ConsoleOutput))
#26 C:\xampp\htdocs\ercomunicaciones\vendor\symfony\console\Application.php(130): Symfony\Component\Console\Application->doRun(Object(Symfony\Component\Console\Input\ArgvInput), Object(Symfony\Component\Console\Output\ConsoleOutput))
#27 C:\xampp\htdocs\ercomunicaciones\vendor\cakephp\migrations\src\Shell\MigrationsShell.php(101): Symfony\Component\Console\Application->run(Object(Symfony\Component\Console\Input\ArgvInput), Object(Symfony\Component\Console\Output\ConsoleOutput))
#28 C:\xampp\htdocs\ercomunicaciones\vendor\cakephp\cakephp\src\Console\Shell.php(506): Migrations\Shell\MigrationsShell->main('migrations', 'migrate')
#29 C:\xampp\htdocs\ercomunicaciones\vendor\cakephp\migrations\src\Shell\MigrationsShell.php(156): Cake\Console\Shell->runCommand(Array, true, Array)
#30 C:\xampp\htdocs\ercomunicaciones\vendor\cakephp\cakephp\src\Console\CommandRunner.php(140): Migrations\Shell\MigrationsShell->runCommand(Array, true)
#31 C:\xampp\htdocs\ercomunicaciones\bin\cake.php(12): Cake\Console\CommandRunner->run(Array)
#32 {main}


2019-04-30 15:10:14 Error: [Cake\Database\Exception] SQLSTATE[42S02]: Base table or view not found: 1146 Table 'ercomunicaciones.users' doesn't exist in C:\xampp\htdocs\ercomunicaciones\vendor\cakephp\cakephp\src\Database\Schema\Collection.php on line 131
Stack Trace:
#0 C:\xampp\htdocs\ercomunicaciones\vendor\cakephp\cakephp\src\Database\Schema\Collection.php(97): Cake\Database\Schema\Collection->_reflect('Column', 'users', Array, Object(Cake\Database\Schema\TableSchema))
#1 C:\xampp\htdocs\ercomunicaciones\vendor\cakephp\cakephp\src\ORM\Table.php(532): Cake\Database\Schema\Collection->describe('users')
#2 C:\xampp\htdocs\ercomunicaciones\vendor\cakephp\cakephp\src\ORM\Table.php(589): Cake\ORM\Table->getSchema()
#3 C:\xampp\htdocs\ercomunicaciones\vendor\davidyell\proffer\src\Model\Behavior\ProfferBehavior.php(38): Cake\ORM\Table->schema()
#4 C:\xampp\htdocs\ercomunicaciones\vendor\cakephp\cakephp\src\ORM\Behavior.php(166): Proffer\Model\Behavior\ProfferBehavior->initialize(Array)
#5 C:\xampp\htdocs\ercomunicaciones\vendor\cakephp\cakephp\src\ORM\BehaviorRegistry.php(134): Cake\ORM\Behavior->__construct(Object(App\Model\Table\UsersTable), Array)
#6 C:\xampp\htdocs\ercomunicaciones\vendor\cakephp\cakephp\src\Core\ObjectRegistry.php(96): Cake\ORM\BehaviorRegistry->_create('Proffer\\Model\\B...', 'Proffer', Array)
#7 C:\xampp\htdocs\ercomunicaciones\vendor\cakephp\cakephp\src\ORM\Table.php(826): Cake\Core\ObjectRegistry->load('Proffer.Proffer', Array)
#8 C:\xampp\htdocs\ercomunicaciones\src\Model\Table\UsersTable.php(40): Cake\ORM\Table->addBehavior('Proffer.Proffer', Array)
#9 C:\xampp\htdocs\ercomunicaciones\vendor\cakephp\cakephp\src\ORM\Table.php(291): App\Model\Table\UsersTable->initialize(Array)
#10 C:\xampp\htdocs\ercomunicaciones\vendor\cakephp\cakephp\src\ORM\Locator\TableLocator.php(249): Cake\ORM\Table->__construct(Array)
#11 C:\xampp\htdocs\ercomunicaciones\vendor\cakephp\cakephp\src\ORM\Locator\TableLocator.php(216): Cake\ORM\Locator\TableLocator->_create(Array)
#12 C:\xampp\htdocs\ercomunicaciones\vendor\cakephp\cakephp\src\ORM\TableRegistry.php(132): Cake\ORM\Locator\TableLocator->get('users', Array)
#13 C:\xampp\htdocs\ercomunicaciones\vendor\fzaninotto\faker\src\Faker\ORM\CakePHP\EntityPopulator.php(164): Cake\ORM\TableRegistry::get('users', Array)
#14 C:\xampp\htdocs\ercomunicaciones\vendor\fzaninotto\faker\src\Faker\ORM\CakePHP\EntityPopulator.php(52): Faker\ORM\CakePHP\EntityPopulator->getTable('users')
#15 C:\xampp\htdocs\ercomunicaciones\vendor\fzaninotto\faker\src\Faker\ORM\CakePHP\Populator.php(77): Faker\ORM\CakePHP\EntityPopulator->guessColumnFormatters(Object(Faker\ORM\CakePHP\Populator))
#16 C:\xampp\htdocs\ercomunicaciones\config\Migrations\20160117132650_create_admin_seed_migration.php(26): Faker\ORM\CakePHP\Populator->addEntity(Object(Faker\ORM\CakePHP\EntityPopulator), 1, Array)
#17 C:\xampp\htdocs\ercomunicaciones\vendor\robmorgan\phinx\src\Phinx\Migration\Manager\Environment.php(125): CreateAdminSeedMigration->up()
#18 C:\xampp\htdocs\ercomunicaciones\vendor\robmorgan\phinx\src\Phinx\Migration\Manager.php(366): Phinx\Migration\Manager\Environment->executeMigration(Object(CreateAdminSeedMigration), 'up')
#19 C:\xampp\htdocs\ercomunicaciones\vendor\robmorgan\phinx\src\Phinx\Migration\Manager.php(342): Phinx\Migration\Manager->executeMigration('default', Object(CreateAdminSeedMigration), 'up')
#20 C:\xampp\htdocs\ercomunicaciones\vendor\robmorgan\phinx\src\Phinx\Console\Command\Migrate.php(113): Phinx\Migration\Manager->migrate('default', 20190424194808)
#21 C:\xampp\htdocs\ercomunicaciones\vendor\cakephp\migrations\src\Command\CommandTrait.php(35): Phinx\Console\Command\Migrate->execute(Object(Symfony\Component\Console\Input\ArgvInput), Object(Symfony\Component\Console\Output\ConsoleOutput))
#22 C:\xampp\htdocs\ercomunicaciones\vendor\cakephp\migrations\src\Command\Migrate.php(65): Migrations\Command\Migrate->parentExecute(Object(Symfony\Component\Console\Input\ArgvInput), Object(Symfony\Component\Console\Output\ConsoleOutput))
#23 C:\xampp\htdocs\ercomunicaciones\vendor\symfony\console\Command\Command.php(264): Migrations\Command\Migrate->execute(Object(Symfony\Component\Console\Input\ArgvInput), Object(Symfony\Component\Console\Output\ConsoleOutput))
#24 C:\xampp\htdocs\ercomunicaciones\vendor\symfony\console\Application.php(874): Symfony\Component\Console\Command\Command->run(Object(Symfony\Component\Console\Input\ArgvInput), Object(Symfony\Component\Console\Output\ConsoleOutput))
#25 C:\xampp\htdocs\ercomunicaciones\vendor\symfony\console\Application.php(228): Symfony\Component\Console\Application->doRunCommand(Object(Migrations\Command\Migrate), Object(Symfony\Component\Console\Input\ArgvInput), Object(Symfony\Component\Console\Output\ConsoleOutput))
#26 C:\xampp\htdocs\ercomunicaciones\vendor\symfony\console\Application.php(130): Symfony\Component\Console\Application->doRun(Object(Symfony\Component\Console\Input\ArgvInput), Object(Symfony\Component\Console\Output\ConsoleOutput))
#27 C:\xampp\htdocs\ercomunicaciones\vendor\cakephp\migrations\src\Shell\MigrationsShell.php(101): Symfony\Component\Console\Application->run(Object(Symfony\Component\Console\Input\ArgvInput), Object(Symfony\Component\Console\Output\ConsoleOutput))
#28 C:\xampp\htdocs\ercomunicaciones\vendor\cakephp\cakephp\src\Console\Shell.php(506): Migrations\Shell\MigrationsShell->main('migrations', 'migrate')
#29 C:\xampp\htdocs\ercomunicaciones\vendor\cakephp\migrations\src\Shell\MigrationsShell.php(156): Cake\Console\Shell->runCommand(Array, true, Array)
#30 C:\xampp\htdocs\ercomunicaciones\vendor\cakephp\cakephp\src\Console\CommandRunner.php(140): Migrations\Shell\MigrationsShell->runCommand(Array, true)
#31 C:\xampp\htdocs\ercomunicaciones\bin\cake.php(12): Cake\Console\CommandRunner->run(Array)
#32 {main}


2019-04-30 15:12:53 Error: [Exception] users belongsTo personas, which seems empty at this point. in C:\xampp\htdocs\ercomunicaciones\vendor\fzaninotto\faker\src\Faker\ORM\CakePHP\EntityPopulator.php on line 109
Stack Trace:
#0 C:\xampp\htdocs\ercomunicaciones\vendor\fzaninotto\faker\src\Faker\ORM\CakePHP\EntityPopulator.php(138): Faker\ORM\CakePHP\EntityPopulator->Faker\ORM\CakePHP\{closure}(Object(App\Model\Entity\User), Array)
#1 C:\xampp\htdocs\ercomunicaciones\vendor\fzaninotto\faker\src\Faker\ORM\CakePHP\Populator.php(103): Faker\ORM\CakePHP\EntityPopulator->execute('users', Array, Array)
#2 C:\xampp\htdocs\ercomunicaciones\config\Migrations\20160117132650_create_admin_seed_migration.php(29): Faker\ORM\CakePHP\Populator->execute()
#3 C:\xampp\htdocs\ercomunicaciones\vendor\robmorgan\phinx\src\Phinx\Migration\Manager\Environment.php(125): CreateAdminSeedMigration->up()
#4 C:\xampp\htdocs\ercomunicaciones\vendor\robmorgan\phinx\src\Phinx\Migration\Manager.php(366): Phinx\Migration\Manager\Environment->executeMigration(Object(CreateAdminSeedMigration), 'up')
#5 C:\xampp\htdocs\ercomunicaciones\vendor\robmorgan\phinx\src\Phinx\Migration\Manager.php(342): Phinx\Migration\Manager->executeMigration('default', Object(CreateAdminSeedMigration), 'up')
#6 C:\xampp\htdocs\ercomunicaciones\vendor\robmorgan\phinx\src\Phinx\Console\Command\Migrate.php(113): Phinx\Migration\Manager->migrate('default', 20190424194808)
#7 C:\xampp\htdocs\ercomunicaciones\vendor\cakephp\migrations\src\Command\CommandTrait.php(35): Phinx\Console\Command\Migrate->execute(Object(Symfony\Component\Console\Input\ArgvInput), Object(Symfony\Component\Console\Output\ConsoleOutput))
#8 C:\xampp\htdocs\ercomunicaciones\vendor\cakephp\migrations\src\Command\Migrate.php(65): Migrations\Command\Migrate->parentExecute(Object(Symfony\Component\Console\Input\ArgvInput), Object(Symfony\Component\Console\Output\ConsoleOutput))
#9 C:\xampp\htdocs\ercomunicaciones\vendor\symfony\console\Command\Command.php(264): Migrations\Command\Migrate->execute(Object(Symfony\Component\Console\Input\ArgvInput), Object(Symfony\Component\Console\Output\ConsoleOutput))
#10 C:\xampp\htdocs\ercomunicaciones\vendor\symfony\console\Application.php(874): Symfony\Component\Console\Command\Command->run(Object(Symfony\Component\Console\Input\ArgvInput), Object(Symfony\Component\Console\Output\ConsoleOutput))
#11 C:\xampp\htdocs\ercomunicaciones\vendor\symfony\console\Application.php(228): Symfony\Component\Console\Application->doRunCommand(Object(Migrations\Command\Migrate), Object(Symfony\Component\Console\Input\ArgvInput), Object(Symfony\Component\Console\Output\ConsoleOutput))
#12 C:\xampp\htdocs\ercomunicaciones\vendor\symfony\console\Application.php(130): Symfony\Component\Console\Application->doRun(Object(Symfony\Component\Console\Input\ArgvInput), Object(Symfony\Component\Console\Output\ConsoleOutput))
#13 C:\xampp\htdocs\ercomunicaciones\vendor\cakephp\migrations\src\Shell\MigrationsShell.php(101): Symfony\Component\Console\Application->run(Object(Symfony\Component\Console\Input\ArgvInput), Object(Symfony\Component\Console\Output\ConsoleOutput))
#14 C:\xampp\htdocs\ercomunicaciones\vendor\cakephp\cakephp\src\Console\Shell.php(506): Migrations\Shell\MigrationsShell->main('migrations', 'migrate')
#15 C:\xampp\htdocs\ercomunicaciones\vendor\cakephp\migrations\src\Shell\MigrationsShell.php(156): Cake\Console\Shell->runCommand(Array, true, Array)
#16 C:\xampp\htdocs\ercomunicaciones\vendor\cakephp\cakephp\src\Console\CommandRunner.php(140): Migrations\Shell\MigrationsShell->runCommand(Array, true)
#17 C:\xampp\htdocs\ercomunicaciones\bin\cake.php(12): Cake\Console\CommandRunner->run(Array)
#18 {main}


2019-04-30 15:13:47 Error: [Exception] users belongsTo personas, which seems empty at this point. in C:\xampp\htdocs\ercomunicaciones\vendor\fzaninotto\faker\src\Faker\ORM\CakePHP\EntityPopulator.php on line 109
Stack Trace:
#0 C:\xampp\htdocs\ercomunicaciones\vendor\fzaninotto\faker\src\Faker\ORM\CakePHP\EntityPopulator.php(138): Faker\ORM\CakePHP\EntityPopulator->Faker\ORM\CakePHP\{closure}(Object(App\Model\Entity\User), Array)
#1 C:\xampp\htdocs\ercomunicaciones\vendor\fzaninotto\faker\src\Faker\ORM\CakePHP\Populator.php(103): Faker\ORM\CakePHP\EntityPopulator->execute('users', Array, Array)
#2 C:\xampp\htdocs\ercomunicaciones\config\Migrations\20160117132650_create_admin_seed_migration.php(30): Faker\ORM\CakePHP\Populator->execute()
#3 C:\xampp\htdocs\ercomunicaciones\vendor\robmorgan\phinx\src\Phinx\Migration\Manager\Environment.php(125): CreateAdminSeedMigration->up()
#4 C:\xampp\htdocs\ercomunicaciones\vendor\robmorgan\phinx\src\Phinx\Migration\Manager.php(366): Phinx\Migration\Manager\Environment->executeMigration(Object(CreateAdminSeedMigration), 'up')
#5 C:\xampp\htdocs\ercomunicaciones\vendor\robmorgan\phinx\src\Phinx\Migration\Manager.php(342): Phinx\Migration\Manager->executeMigration('default', Object(CreateAdminSeedMigration), 'up')
#6 C:\xampp\htdocs\ercomunicaciones\vendor\robmorgan\phinx\src\Phinx\Console\Command\Migrate.php(113): Phinx\Migration\Manager->migrate('default', 20190424194808)
#7 C:\xampp\htdocs\ercomunicaciones\vendor\cakephp\migrations\src\Command\CommandTrait.php(35): Phinx\Console\Command\Migrate->execute(Object(Symfony\Component\Console\Input\ArgvInput), Object(Symfony\Component\Console\Output\ConsoleOutput))
#8 C:\xampp\htdocs\ercomunicaciones\vendor\cakephp\migrations\src\Command\Migrate.php(65): Migrations\Command\Migrate->parentExecute(Object(Symfony\Component\Console\Input\ArgvInput), Object(Symfony\Component\Console\Output\ConsoleOutput))
#9 C:\xampp\htdocs\ercomunicaciones\vendor\symfony\console\Command\Command.php(264): Migrations\Command\Migrate->execute(Object(Symfony\Component\Console\Input\ArgvInput), Object(Symfony\Component\Console\Output\ConsoleOutput))
#10 C:\xampp\htdocs\ercomunicaciones\vendor\symfony\console\Application.php(874): Symfony\Component\Console\Command\Command->run(Object(Symfony\Component\Console\Input\ArgvInput), Object(Symfony\Component\Console\Output\ConsoleOutput))
#11 C:\xampp\htdocs\ercomunicaciones\vendor\symfony\console\Application.php(228): Symfony\Component\Console\Application->doRunCommand(Object(Migrations\Command\Migrate), Object(Symfony\Component\Console\Input\ArgvInput), Object(Symfony\Component\Console\Output\ConsoleOutput))
#12 C:\xampp\htdocs\ercomunicaciones\vendor\symfony\console\Application.php(130): Symfony\Component\Console\Application->doRun(Object(Symfony\Component\Console\Input\ArgvInput), Object(Symfony\Component\Console\Output\ConsoleOutput))
#13 C:\xampp\htdocs\ercomunicaciones\vendor\cakephp\migrations\src\Shell\MigrationsShell.php(101): Symfony\Component\Console\Application->run(Object(Symfony\Component\Console\Input\ArgvInput), Object(Symfony\Component\Console\Output\ConsoleOutput))
#14 C:\xampp\htdocs\ercomunicaciones\vendor\cakephp\cakephp\src\Console\Shell.php(506): Migrations\Shell\MigrationsShell->main('migrations', 'migrate')
#15 C:\xampp\htdocs\ercomunicaciones\vendor\cakephp\migrations\src\Shell\MigrationsShell.php(156): Cake\Console\Shell->runCommand(Array, true, Array)
#16 C:\xampp\htdocs\ercomunicaciones\vendor\cakephp\cakephp\src\Console\CommandRunner.php(140): Migrations\Shell\MigrationsShell->runCommand(Array, true)
#17 C:\xampp\htdocs\ercomunicaciones\bin\cake.php(12): Cake\Console\CommandRunner->run(Array)
#18 {main}


2019-04-30 15:16:11 Error: [Exception] users belongsTo personas, which seems empty at this point. in C:\xampp\htdocs\ercomunicaciones\vendor\fzaninotto\faker\src\Faker\ORM\CakePHP\EntityPopulator.php on line 109
Stack Trace:
#0 C:\xampp\htdocs\ercomunicaciones\vendor\fzaninotto\faker\src\Faker\ORM\CakePHP\EntityPopulator.php(138): Faker\ORM\CakePHP\EntityPopulator->Faker\ORM\CakePHP\{closure}(Object(App\Model\Entity\User), Array)
#1 C:\xampp\htdocs\ercomunicaciones\vendor\fzaninotto\faker\src\Faker\ORM\CakePHP\Populator.php(103): Faker\ORM\CakePHP\EntityPopulator->execute('users', Array, Array)
#2 C:\xampp\htdocs\ercomunicaciones\config\Migrations\20160117132650_create_admin_seed_migration.php(29): Faker\ORM\CakePHP\Populator->execute()
#3 C:\xampp\htdocs\ercomunicaciones\vendor\robmorgan\phinx\src\Phinx\Migration\Manager\Environment.php(125): CreateAdminSeedMigration->up()
#4 C:\xampp\htdocs\ercomunicaciones\vendor\robmorgan\phinx\src\Phinx\Migration\Manager.php(366): Phinx\Migration\Manager\Environment->executeMigration(Object(CreateAdminSeedMigration), 'up')
#5 C:\xampp\htdocs\ercomunicaciones\vendor\robmorgan\phinx\src\Phinx\Migration\Manager.php(342): Phinx\Migration\Manager->executeMigration('default', Object(CreateAdminSeedMigration), 'up')
#6 C:\xampp\htdocs\ercomunicaciones\vendor\robmorgan\phinx\src\Phinx\Console\Command\Migrate.php(113): Phinx\Migration\Manager->migrate('default', 20190424194808)
#7 C:\xampp\htdocs\ercomunicaciones\vendor\cakephp\migrations\src\Command\CommandTrait.php(35): Phinx\Console\Command\Migrate->execute(Object(Symfony\Component\Console\Input\ArgvInput), Object(Symfony\Component\Console\Output\ConsoleOutput))
#8 C:\xampp\htdocs\ercomunicaciones\vendor\cakephp\migrations\src\Command\Migrate.php(65): Migrations\Command\Migrate->parentExecute(Object(Symfony\Component\Console\Input\ArgvInput), Object(Symfony\Component\Console\Output\ConsoleOutput))
#9 C:\xampp\htdocs\ercomunicaciones\vendor\symfony\console\Command\Command.php(264): Migrations\Command\Migrate->execute(Object(Symfony\Component\Console\Input\ArgvInput), Object(Symfony\Component\Console\Output\ConsoleOutput))
#10 C:\xampp\htdocs\ercomunicaciones\vendor\symfony\console\Application.php(874): Symfony\Component\Console\Command\Command->run(Object(Symfony\Component\Console\Input\ArgvInput), Object(Symfony\Component\Console\Output\ConsoleOutput))
#11 C:\xampp\htdocs\ercomunicaciones\vendor\symfony\console\Application.php(228): Symfony\Component\Console\Application->doRunCommand(Object(Migrations\Command\Migrate), Object(Symfony\Component\Console\Input\ArgvInput), Object(Symfony\Component\Console\Output\ConsoleOutput))
#12 C:\xampp\htdocs\ercomunicaciones\vendor\symfony\console\Application.php(130): Symfony\Component\Console\Application->doRun(Object(Symfony\Component\Console\Input\ArgvInput), Object(Symfony\Component\Console\Output\ConsoleOutput))
#13 C:\xampp\htdocs\ercomunicaciones\vendor\cakephp\migrations\src\Shell\MigrationsShell.php(101): Symfony\Component\Console\Application->run(Object(Symfony\Component\Console\Input\ArgvInput), Object(Symfony\Component\Console\Output\ConsoleOutput))
#14 C:\xampp\htdocs\ercomunicaciones\vendor\cakephp\cakephp\src\Console\Shell.php(506): Migrations\Shell\MigrationsShell->main('migrations', 'migrate')
#15 C:\xampp\htdocs\ercomunicaciones\vendor\cakephp\migrations\src\Shell\MigrationsShell.php(156): Cake\Console\Shell->runCommand(Array, true, Array)
#16 C:\xampp\htdocs\ercomunicaciones\vendor\cakephp\cakephp\src\Console\CommandRunner.php(140): Migrations\Shell\MigrationsShell->runCommand(Array, true)
#17 C:\xampp\htdocs\ercomunicaciones\bin\cake.php(12): Cake\Console\CommandRunner->run(Array)
#18 {main}


2019-04-30 15:21:34 Error: [RuntimeException] ExistsIn rule for 'persona_id' is invalid. 'Personas' is not associated with 'App\Model\Table\UsersTable'. in C:\xampp\htdocs\ercomunicaciones\vendor\cakephp\cakephp\src\ORM\Rule\ExistsIn.php on line 85
Stack Trace:
#0 C:\xampp\htdocs\ercomunicaciones\vendor\cakephp\cakephp\src\Datasource\RuleInvoker.php(115): Cake\ORM\Rule\ExistsIn->__invoke(Object(App\Model\Entity\User), Array)
#1 C:\xampp\htdocs\ercomunicaciones\vendor\cakephp\cakephp\src\Datasource\RulesChecker.php(298): Cake\Datasource\RuleInvoker->__invoke(Object(App\Model\Entity\User), Array)
#2 C:\xampp\htdocs\ercomunicaciones\vendor\cakephp\cakephp\src\Datasource\RulesChecker.php(255): Cake\Datasource\RulesChecker->_checkRules(Object(App\Model\Entity\User), Array, Array)
#3 C:\xampp\htdocs\ercomunicaciones\vendor\cakephp\cakephp\src\Datasource\RulesChecker.php(231): Cake\Datasource\RulesChecker->checkCreate(Object(App\Model\Entity\User), Array)
#4 C:\xampp\htdocs\ercomunicaciones\vendor\cakephp\cakephp\src\Datasource\RulesAwareTrait.php(66): Cake\Datasource\RulesChecker->check(Object(App\Model\Entity\User), 'create', Array)
#5 C:\xampp\htdocs\ercomunicaciones\vendor\cakephp\cakephp\src\ORM\Table.php(1791): Cake\ORM\Table->checkRules(Object(App\Model\Entity\User), 'create', Object(ArrayObject))
#6 C:\xampp\htdocs\ercomunicaciones\vendor\cakephp\cakephp\src\ORM\Table.php(1730): Cake\ORM\Table->_processSave(Object(App\Model\Entity\User), Object(ArrayObject))
#7 C:\xampp\htdocs\ercomunicaciones\vendor\cakephp\cakephp\src\ORM\Table.php(1453): Cake\ORM\Table->Cake\ORM\{closure}()
#8 C:\xampp\htdocs\ercomunicaciones\vendor\cakephp\cakephp\src\Database\Connection.php(668): Cake\ORM\Table->Cake\ORM\{closure}(Object(Cake\Database\Connection))
#9 C:\xampp\htdocs\ercomunicaciones\vendor\cakephp\cakephp\src\ORM\Table.php(1454): Cake\Database\Connection->transactional(Object(Closure))
#10 C:\xampp\htdocs\ercomunicaciones\vendor\cakephp\cakephp\src\ORM\Table.php(1731): Cake\ORM\Table->_executeTransaction(Object(Closure), true)
#11 C:\xampp\htdocs\ercomunicaciones\vendor\fzaninotto\faker\src\Faker\ORM\CakePHP\EntityPopulator.php(141): Cake\ORM\Table->save(Object(App\Model\Entity\User), Object(ArrayObject))
#12 C:\xampp\htdocs\ercomunicaciones\vendor\fzaninotto\faker\src\Faker\ORM\CakePHP\Populator.php(103): Faker\ORM\CakePHP\EntityPopulator->execute('users', Array, Array)
#13 C:\xampp\htdocs\ercomunicaciones\config\Migrations\20160117132650_create_admin_seed_migration.php(29): Faker\ORM\CakePHP\Populator->execute()
#14 C:\xampp\htdocs\ercomunicaciones\vendor\robmorgan\phinx\src\Phinx\Migration\Manager\Environment.php(125): CreateAdminSeedMigration->up()
#15 C:\xampp\htdocs\ercomunicaciones\vendor\robmorgan\phinx\src\Phinx\Migration\Manager.php(366): Phinx\Migration\Manager\Environment->executeMigration(Object(CreateAdminSeedMigration), 'up')
#16 C:\xampp\htdocs\ercomunicaciones\vendor\robmorgan\phinx\src\Phinx\Migration\Manager.php(342): Phinx\Migration\Manager->executeMigration('default', Object(CreateAdminSeedMigration), 'up')
#17 C:\xampp\htdocs\ercomunicaciones\vendor\robmorgan\phinx\src\Phinx\Console\Command\Migrate.php(113): Phinx\Migration\Manager->migrate('default', 20190424194808)
#18 C:\xampp\htdocs\ercomunicaciones\vendor\cakephp\migrations\src\Command\CommandTrait.php(35): Phinx\Console\Command\Migrate->execute(Object(Symfony\Component\Console\Input\ArgvInput), Object(Symfony\Component\Console\Output\ConsoleOutput))
#19 C:\xampp\htdocs\ercomunicaciones\vendor\cakephp\migrations\src\Command\Migrate.php(65): Migrations\Command\Migrate->parentExecute(Object(Symfony\Component\Console\Input\ArgvInput), Object(Symfony\Component\Console\Output\ConsoleOutput))
#20 C:\xampp\htdocs\ercomunicaciones\vendor\symfony\console\Command\Command.php(264): Migrations\Command\Migrate->execute(Object(Symfony\Component\Console\Input\ArgvInput), Object(Symfony\Component\Console\Output\ConsoleOutput))
#21 C:\xampp\htdocs\ercomunicaciones\vendor\symfony\console\Application.php(874): Symfony\Component\Console\Command\Command->run(Object(Symfony\Component\Console\Input\ArgvInput), Object(Symfony\Component\Console\Output\ConsoleOutput))
#22 C:\xampp\htdocs\ercomunicaciones\vendor\symfony\console\Application.php(228): Symfony\Component\Console\Application->doRunCommand(Object(Migrations\Command\Migrate), Object(Symfony\Component\Console\Input\ArgvInput), Object(Symfony\Component\Console\Output\ConsoleOutput))
#23 C:\xampp\htdocs\ercomunicaciones\vendor\symfony\console\Application.php(130): Symfony\Component\Console\Application->doRun(Object(Symfony\Component\Console\Input\ArgvInput), Object(Symfony\Component\Console\Output\ConsoleOutput))
#24 C:\xampp\htdocs\ercomunicaciones\vendor\cakephp\migrations\src\Shell\MigrationsShell.php(101): Symfony\Component\Console\Application->run(Object(Symfony\Component\Console\Input\ArgvInput), Object(Symfony\Component\Console\Output\ConsoleOutput))
#25 C:\xampp\htdocs\ercomunicaciones\vendor\cakephp\cakephp\src\Console\Shell.php(506): Migrations\Shell\MigrationsShell->main('migrations', 'migrate')
#26 C:\xampp\htdocs\ercomunicaciones\vendor\cakephp\migrations\src\Shell\MigrationsShell.php(156): Cake\Console\Shell->runCommand(Array, true, Array)
#27 C:\xampp\htdocs\ercomunicaciones\vendor\cakephp\cakephp\src\Console\CommandRunner.php(140): Migrations\Shell\MigrationsShell->runCommand(Array, true)
#28 C:\xampp\htdocs\ercomunicaciones\bin\cake.php(12): Cake\Console\CommandRunner->run(Array)
#29 {main}


2019-04-30 15:22:48 Error: [RuntimeException] ExistsIn rule for 'persona_id' is invalid. 'Personas' is not associated with 'App\Model\Table\UsersTable'. in C:\xampp\htdocs\ercomunicaciones\vendor\cakephp\cakephp\src\ORM\Rule\ExistsIn.php on line 85
Stack Trace:
#0 C:\xampp\htdocs\ercomunicaciones\vendor\cakephp\cakephp\src\Datasource\RuleInvoker.php(115): Cake\ORM\Rule\ExistsIn->__invoke(Object(App\Model\Entity\User), Array)
#1 C:\xampp\htdocs\ercomunicaciones\vendor\cakephp\cakephp\src\Datasource\RulesChecker.php(298): Cake\Datasource\RuleInvoker->__invoke(Object(App\Model\Entity\User), Array)
#2 C:\xampp\htdocs\ercomunicaciones\vendor\cakephp\cakephp\src\Datasource\RulesChecker.php(255): Cake\Datasource\RulesChecker->_checkRules(Object(App\Model\Entity\User), Array, Array)
#3 C:\xampp\htdocs\ercomunicaciones\vendor\cakephp\cakephp\src\Datasource\RulesChecker.php(231): Cake\Datasource\RulesChecker->checkCreate(Object(App\Model\Entity\User), Array)
#4 C:\xampp\htdocs\ercomunicaciones\vendor\cakephp\cakephp\src\Datasource\RulesAwareTrait.php(66): Cake\Datasource\RulesChecker->check(Object(App\Model\Entity\User), 'create', Array)
#5 C:\xampp\htdocs\ercomunicaciones\vendor\cakephp\cakephp\src\ORM\Table.php(1791): Cake\ORM\Table->checkRules(Object(App\Model\Entity\User), 'create', Object(ArrayObject))
#6 C:\xampp\htdocs\ercomunicaciones\vendor\cakephp\cakephp\src\ORM\Table.php(1730): Cake\ORM\Table->_processSave(Object(App\Model\Entity\User), Object(ArrayObject))
#7 C:\xampp\htdocs\ercomunicaciones\vendor\cakephp\cakephp\src\ORM\Table.php(1453): Cake\ORM\Table->Cake\ORM\{closure}()
#8 C:\xampp\htdocs\ercomunicaciones\vendor\cakephp\cakephp\src\Database\Connection.php(668): Cake\ORM\Table->Cake\ORM\{closure}(Object(Cake\Database\Connection))
#9 C:\xampp\htdocs\ercomunicaciones\vendor\cakephp\cakephp\src\ORM\Table.php(1454): Cake\Database\Connection->transactional(Object(Closure))
#10 C:\xampp\htdocs\ercomunicaciones\vendor\cakephp\cakephp\src\ORM\Table.php(1731): Cake\ORM\Table->_executeTransaction(Object(Closure), true)
#11 C:\xampp\htdocs\ercomunicaciones\vendor\fzaninotto\faker\src\Faker\ORM\CakePHP\EntityPopulator.php(141): Cake\ORM\Table->save(Object(App\Model\Entity\User), Object(ArrayObject))
#12 C:\xampp\htdocs\ercomunicaciones\vendor\fzaninotto\faker\src\Faker\ORM\CakePHP\Populator.php(103): Faker\ORM\CakePHP\EntityPopulator->execute('users', Array, Array)
#13 C:\xampp\htdocs\ercomunicaciones\config\Migrations\20160117132650_create_admin_seed_migration.php(29): Faker\ORM\CakePHP\Populator->execute()
#14 C:\xampp\htdocs\ercomunicaciones\vendor\robmorgan\phinx\src\Phinx\Migration\Manager\Environment.php(125): CreateAdminSeedMigration->up()
#15 C:\xampp\htdocs\ercomunicaciones\vendor\robmorgan\phinx\src\Phinx\Migration\Manager.php(366): Phinx\Migration\Manager\Environment->executeMigration(Object(CreateAdminSeedMigration), 'up')
#16 C:\xampp\htdocs\ercomunicaciones\vendor\robmorgan\phinx\src\Phinx\Migration\Manager.php(342): Phinx\Migration\Manager->executeMigration('default', Object(CreateAdminSeedMigration), 'up')
#17 C:\xampp\htdocs\ercomunicaciones\vendor\robmorgan\phinx\src\Phinx\Console\Command\Migrate.php(113): Phinx\Migration\Manager->migrate('default', 20190424194808)
#18 C:\xampp\htdocs\ercomunicaciones\vendor\cakephp\migrations\src\Command\CommandTrait.php(35): Phinx\Console\Command\Migrate->execute(Object(Symfony\Component\Console\Input\ArgvInput), Object(Symfony\Component\Console\Output\ConsoleOutput))
#19 C:\xampp\htdocs\ercomunicaciones\vendor\cakephp\migrations\src\Command\Migrate.php(65): Migrations\Command\Migrate->parentExecute(Object(Symfony\Component\Console\Input\ArgvInput), Object(Symfony\Component\Console\Output\ConsoleOutput))
#20 C:\xampp\htdocs\ercomunicaciones\vendor\symfony\console\Command\Command.php(264): Migrations\Command\Migrate->execute(Object(Symfony\Component\Console\Input\ArgvInput), Object(Symfony\Component\Console\Output\ConsoleOutput))
#21 C:\xampp\htdocs\ercomunicaciones\vendor\symfony\console\Application.php(874): Symfony\Component\Console\Command\Command->run(Object(Symfony\Component\Console\Input\ArgvInput), Object(Symfony\Component\Console\Output\ConsoleOutput))
#22 C:\xampp\htdocs\ercomunicaciones\vendor\symfony\console\Application.php(228): Symfony\Component\Console\Application->doRunCommand(Object(Migrations\Command\Migrate), Object(Symfony\Component\Console\Input\ArgvInput), Object(Symfony\Component\Console\Output\ConsoleOutput))
#23 C:\xampp\htdocs\ercomunicaciones\vendor\symfony\console\Application.php(130): Symfony\Component\Console\Application->doRun(Object(Symfony\Component\Console\Input\ArgvInput), Object(Symfony\Component\Console\Output\ConsoleOutput))
#24 C:\xampp\htdocs\ercomunicaciones\vendor\cakephp\migrations\src\Shell\MigrationsShell.php(101): Symfony\Component\Console\Application->run(Object(Symfony\Component\Console\Input\ArgvInput), Object(Symfony\Component\Console\Output\ConsoleOutput))
#25 C:\xampp\htdocs\ercomunicaciones\vendor\cakephp\cakephp\src\Console\Shell.php(506): Migrations\Shell\MigrationsShell->main('migrations', 'migrate')
#26 C:\xampp\htdocs\ercomunicaciones\vendor\cakephp\migrations\src\Shell\MigrationsShell.php(156): Cake\Console\Shell->runCommand(Array, true, Array)
#27 C:\xampp\htdocs\ercomunicaciones\vendor\cakephp\cakephp\src\Console\CommandRunner.php(140): Migrations\Shell\MigrationsShell->runCommand(Array, true)
#28 C:\xampp\htdocs\ercomunicaciones\bin\cake.php(12): Cake\Console\CommandRunner->run(Array)
#29 {main}


2019-04-30 15:25:28 Error: [RuntimeException] ExistsIn rule for 'persona_id' is invalid. 'Personas' is not associated with 'App\Model\Table\UsersTable'. in C:\xampp\htdocs\ercomunicaciones\vendor\cakephp\cakephp\src\ORM\Rule\ExistsIn.php on line 85
Stack Trace:
#0 C:\xampp\htdocs\ercomunicaciones\vendor\cakephp\cakephp\src\Datasource\RuleInvoker.php(115): Cake\ORM\Rule\ExistsIn->__invoke(Object(App\Model\Entity\User), Array)
#1 C:\xampp\htdocs\ercomunicaciones\vendor\cakephp\cakephp\src\Datasource\RulesChecker.php(298): Cake\Datasource\RuleInvoker->__invoke(Object(App\Model\Entity\User), Array)
#2 C:\xampp\htdocs\ercomunicaciones\vendor\cakephp\cakephp\src\Datasource\RulesChecker.php(255): Cake\Datasource\RulesChecker->_checkRules(Object(App\Model\Entity\User), Array, Array)
#3 C:\xampp\htdocs\ercomunicaciones\vendor\cakephp\cakephp\src\Datasource\RulesChecker.php(231): Cake\Datasource\RulesChecker->checkCreate(Object(App\Model\Entity\User), Array)
#4 C:\xampp\htdocs\ercomunicaciones\vendor\cakephp\cakephp\src\Datasource\RulesAwareTrait.php(66): Cake\Datasource\RulesChecker->check(Object(App\Model\Entity\User), 'create', Array)
#5 C:\xampp\htdocs\ercomunicaciones\vendor\cakephp\cakephp\src\ORM\Table.php(1791): Cake\ORM\Table->checkRules(Object(App\Model\Entity\User), 'create', Object(ArrayObject))
#6 C:\xampp\htdocs\ercomunicaciones\vendor\cakephp\cakephp\src\ORM\Table.php(1730): Cake\ORM\Table->_processSave(Object(App\Model\Entity\User), Object(ArrayObject))
#7 C:\xampp\htdocs\ercomunicaciones\vendor\cakephp\cakephp\src\ORM\Table.php(1453): Cake\ORM\Table->Cake\ORM\{closure}()
#8 C:\xampp\htdocs\ercomunicaciones\vendor\cakephp\cakephp\src\Database\Connection.php(668): Cake\ORM\Table->Cake\ORM\{closure}(Object(Cake\Database\Connection))
#9 C:\xampp\htdocs\ercomunicaciones\vendor\cakephp\cakephp\src\ORM\Table.php(1454): Cake\Database\Connection->transactional(Object(Closure))
#10 C:\xampp\htdocs\ercomunicaciones\vendor\cakephp\cakephp\src\ORM\Table.php(1731): Cake\ORM\Table->_executeTransaction(Object(Closure), true)
#11 C:\xampp\htdocs\ercomunicaciones\vendor\fzaninotto\faker\src\Faker\ORM\CakePHP\EntityPopulator.php(141): Cake\ORM\Table->save(Object(App\Model\Entity\User), Object(ArrayObject))
#12 C:\xampp\htdocs\ercomunicaciones\vendor\fzaninotto\faker\src\Faker\ORM\CakePHP\Populator.php(103): Faker\ORM\CakePHP\EntityPopulator->execute('users', Array, Array)
#13 C:\xampp\htdocs\ercomunicaciones\config\Migrations\20160117132650_create_admin_seed_migration.php(29): Faker\ORM\CakePHP\Populator->execute()
#14 C:\xampp\htdocs\ercomunicaciones\vendor\robmorgan\phinx\src\Phinx\Migration\Manager\Environment.php(125): CreateAdminSeedMigration->up()
#15 C:\xampp\htdocs\ercomunicaciones\vendor\robmorgan\phinx\src\Phinx\Migration\Manager.php(366): Phinx\Migration\Manager\Environment->executeMigration(Object(CreateAdminSeedMigration), 'up')
#16 C:\xampp\htdocs\ercomunicaciones\vendor\robmorgan\phinx\src\Phinx\Migration\Manager.php(342): Phinx\Migration\Manager->executeMigration('default', Object(CreateAdminSeedMigration), 'up')
#17 C:\xampp\htdocs\ercomunicaciones\vendor\robmorgan\phinx\src\Phinx\Console\Command\Migrate.php(113): Phinx\Migration\Manager->migrate('default', 20190424194808)
#18 C:\xampp\htdocs\ercomunicaciones\vendor\cakephp\migrations\src\Command\CommandTrait.php(35): Phinx\Console\Command\Migrate->execute(Object(Symfony\Component\Console\Input\ArgvInput), Object(Symfony\Component\Console\Output\ConsoleOutput))
#19 C:\xampp\htdocs\ercomunicaciones\vendor\cakephp\migrations\src\Command\Migrate.php(65): Migrations\Command\Migrate->parentExecute(Object(Symfony\Component\Console\Input\ArgvInput), Object(Symfony\Component\Console\Output\ConsoleOutput))
#20 C:\xampp\htdocs\ercomunicaciones\vendor\symfony\console\Command\Command.php(264): Migrations\Command\Migrate->execute(Object(Symfony\Component\Console\Input\ArgvInput), Object(Symfony\Component\Console\Output\ConsoleOutput))
#21 C:\xampp\htdocs\ercomunicaciones\vendor\symfony\console\Application.php(874): Symfony\Component\Console\Command\Command->run(Object(Symfony\Component\Console\Input\ArgvInput), Object(Symfony\Component\Console\Output\ConsoleOutput))
#22 C:\xampp\htdocs\ercomunicaciones\vendor\symfony\console\Application.php(228): Symfony\Component\Console\Application->doRunCommand(Object(Migrations\Command\Migrate), Object(Symfony\Component\Console\Input\ArgvInput), Object(Symfony\Component\Console\Output\ConsoleOutput))
#23 C:\xampp\htdocs\ercomunicaciones\vendor\symfony\console\Application.php(130): Symfony\Component\Console\Application->doRun(Object(Symfony\Component\Console\Input\ArgvInput), Object(Symfony\Component\Console\Output\ConsoleOutput))
#24 C:\xampp\htdocs\ercomunicaciones\vendor\cakephp\migrations\src\Shell\MigrationsShell.php(101): Symfony\Component\Console\Application->run(Object(Symfony\Component\Console\Input\ArgvInput), Object(Symfony\Component\Console\Output\ConsoleOutput))
#25 C:\xampp\htdocs\ercomunicaciones\vendor\cakephp\cakephp\src\Console\Shell.php(506): Migrations\Shell\MigrationsShell->main('migrations', 'migrate')
#26 C:\xampp\htdocs\ercomunicaciones\vendor\cakephp\migrations\src\Shell\MigrationsShell.php(156): Cake\Console\Shell->runCommand(Array, true, Array)
#27 C:\xampp\htdocs\ercomunicaciones\vendor\cakephp\cakephp\src\Console\CommandRunner.php(140): Migrations\Shell\MigrationsShell->runCommand(Array, true)
#28 C:\xampp\htdocs\ercomunicaciones\bin\cake.php(12): Cake\Console\CommandRunner->run(Array)
#29 {main}


2019-04-30 15:29:14 Error: [Cake\Database\Exception] SQLSTATE[42S02]: Base table or view not found: 1146 Table 'ercomunicaciones.users' doesn't exist in C:\xampp\htdocs\ercomunicaciones\vendor\cakephp\cakephp\src\Database\Schema\Collection.php on line 131
Stack Trace:
#0 C:\xampp\htdocs\ercomunicaciones\vendor\cakephp\cakephp\src\Database\Schema\Collection.php(97): Cake\Database\Schema\Collection->_reflect('Column', 'users', Array, Object(Cake\Database\Schema\TableSchema))
#1 C:\xampp\htdocs\ercomunicaciones\vendor\cakephp\cakephp\src\ORM\Table.php(532): Cake\Database\Schema\Collection->describe('users')
#2 C:\xampp\htdocs\ercomunicaciones\vendor\cakephp\cakephp\src\ORM\Table.php(589): Cake\ORM\Table->getSchema()
#3 C:\xampp\htdocs\ercomunicaciones\vendor\davidyell\proffer\src\Model\Behavior\ProfferBehavior.php(38): Cake\ORM\Table->schema()
#4 C:\xampp\htdocs\ercomunicaciones\vendor\cakephp\cakephp\src\ORM\Behavior.php(166): Proffer\Model\Behavior\ProfferBehavior->initialize(Array)
#5 C:\xampp\htdocs\ercomunicaciones\vendor\cakephp\cakephp\src\ORM\BehaviorRegistry.php(134): Cake\ORM\Behavior->__construct(Object(App\Model\Table\UsersTable), Array)
#6 C:\xampp\htdocs\ercomunicaciones\vendor\cakephp\cakephp\src\Core\ObjectRegistry.php(96): Cake\ORM\BehaviorRegistry->_create('Proffer\\Model\\B...', 'Proffer', Array)
#7 C:\xampp\htdocs\ercomunicaciones\vendor\cakephp\cakephp\src\ORM\Table.php(826): Cake\Core\ObjectRegistry->load('Proffer.Proffer', Array)
#8 C:\xampp\htdocs\ercomunicaciones\src\Model\Table\UsersTable.php(35): Cake\ORM\Table->addBehavior('Proffer.Proffer', Array)
#9 C:\xampp\htdocs\ercomunicaciones\vendor\cakephp\cakephp\src\ORM\Table.php(291): App\Model\Table\UsersTable->initialize(Array)
#10 C:\xampp\htdocs\ercomunicaciones\vendor\cakephp\cakephp\src\ORM\Locator\TableLocator.php(249): Cake\ORM\Table->__construct(Array)
#11 C:\xampp\htdocs\ercomunicaciones\vendor\cakephp\cakephp\src\ORM\Locator\TableLocator.php(216): Cake\ORM\Locator\TableLocator->_create(Array)
#12 C:\xampp\htdocs\ercomunicaciones\vendor\cakephp\cakephp\src\ORM\TableRegistry.php(132): Cake\ORM\Locator\TableLocator->get('users', Array)
#13 C:\xampp\htdocs\ercomunicaciones\vendor\fzaninotto\faker\src\Faker\ORM\CakePHP\EntityPopulator.php(164): Cake\ORM\TableRegistry::get('users', Array)
#14 C:\xampp\htdocs\ercomunicaciones\vendor\fzaninotto\faker\src\Faker\ORM\CakePHP\EntityPopulator.php(52): Faker\ORM\CakePHP\EntityPopulator->getTable('users')
#15 C:\xampp\htdocs\ercomunicaciones\vendor\fzaninotto\faker\src\Faker\ORM\CakePHP\Populator.php(77): Faker\ORM\CakePHP\EntityPopulator->guessColumnFormatters(Object(Faker\ORM\CakePHP\Populator))
#16 C:\xampp\htdocs\ercomunicaciones\config\Migrations\20160117132650_create_admin_seed_migration.php(26): Faker\ORM\CakePHP\Populator->addEntity(Object(Faker\ORM\CakePHP\EntityPopulator), 1, Array)
#17 C:\xampp\htdocs\ercomunicaciones\vendor\robmorgan\phinx\src\Phinx\Migration\Manager\Environment.php(125): CreateAdminSeedMigration->up()
#18 C:\xampp\htdocs\ercomunicaciones\vendor\robmorgan\phinx\src\Phinx\Migration\Manager.php(366): Phinx\Migration\Manager\Environment->executeMigration(Object(CreateAdminSeedMigration), 'up')
#19 C:\xampp\htdocs\ercomunicaciones\vendor\robmorgan\phinx\src\Phinx\Migration\Manager.php(342): Phinx\Migration\Manager->executeMigration('default', Object(CreateAdminSeedMigration), 'up')
#20 C:\xampp\htdocs\ercomunicaciones\vendor\robmorgan\phinx\src\Phinx\Console\Command\Migrate.php(113): Phinx\Migration\Manager->migrate('default', 20190424194808)
#21 C:\xampp\htdocs\ercomunicaciones\vendor\cakephp\migrations\src\Command\CommandTrait.php(35): Phinx\Console\Command\Migrate->execute(Object(Symfony\Component\Console\Input\ArgvInput), Object(Symfony\Component\Console\Output\ConsoleOutput))
#22 C:\xampp\htdocs\ercomunicaciones\vendor\cakephp\migrations\src\Command\Migrate.php(65): Migrations\Command\Migrate->parentExecute(Object(Symfony\Component\Console\Input\ArgvInput), Object(Symfony\Component\Console\Output\ConsoleOutput))
#23 C:\xampp\htdocs\ercomunicaciones\vendor\symfony\console\Command\Command.php(264): Migrations\Command\Migrate->execute(Object(Symfony\Component\Console\Input\ArgvInput), Object(Symfony\Component\Console\Output\ConsoleOutput))
#24 C:\xampp\htdocs\ercomunicaciones\vendor\symfony\console\Application.php(874): Symfony\Component\Console\Command\Command->run(Object(Symfony\Component\Console\Input\ArgvInput), Object(Symfony\Component\Console\Output\ConsoleOutput))
#25 C:\xampp\htdocs\ercomunicaciones\vendor\symfony\console\Application.php(228): Symfony\Component\Console\Application->doRunCommand(Object(Migrations\Command\Migrate), Object(Symfony\Component\Console\Input\ArgvInput), Object(Symfony\Component\Console\Output\ConsoleOutput))
#26 C:\xampp\htdocs\ercomunicaciones\vendor\symfony\console\Application.php(130): Symfony\Component\Console\Application->doRun(Object(Symfony\Component\Console\Input\ArgvInput), Object(Symfony\Component\Console\Output\ConsoleOutput))
#27 C:\xampp\htdocs\ercomunicaciones\vendor\cakephp\migrations\src\Shell\MigrationsShell.php(101): Symfony\Component\Console\Application->run(Object(Symfony\Component\Console\Input\ArgvInput), Object(Symfony\Component\Console\Output\ConsoleOutput))
#28 C:\xampp\htdocs\ercomunicaciones\vendor\cakephp\cakephp\src\Console\Shell.php(506): Migrations\Shell\MigrationsShell->main('migrations', 'migrate')
#29 C:\xampp\htdocs\ercomunicaciones\vendor\cakephp\migrations\src\Shell\MigrationsShell.php(156): Cake\Console\Shell->runCommand(Array, true, Array)
#30 C:\xampp\htdocs\ercomunicaciones\vendor\cakephp\cakephp\src\Console\CommandRunner.php(140): Migrations\Shell\MigrationsShell->runCommand(Array, true)
#31 C:\xampp\htdocs\ercomunicaciones\bin\cake.php(12): Cake\Console\CommandRunner->run(Array)
#32 {main}


